200.413
212.53300000000002
219.445
213.233
264.49199999999996
192.45299999999997
220.18100000000018
209.72100000000006
274.7029999999997
212.704
223.02699999999965
195.4419999999999
262.15300000000053
248.69699999999995
218.31599999999975
211.64000000000004
202.5009999999998
206.51799999999997
140.99400000000006
215.48600000000027
247.0560000000006
195.62499999999972
226.38800000000003
236.16899999999941
192.952
212.7169999999996
224.20800000000085
219.2059999999998
228.275
208.1520000000001
183.9890000000004
254.2029999999986
223.15200000000067
190.5160000000006
236.64999999999912
224.41700000000077
197.12900000000033
214.76199999999858
213.692
226.21400000000057
216.545
204.92000000000132
187.01599999999985
256.1920000000004
234.04200000000054
199.47699999999992
193.52699999999956
253.86699999999962
191.23400000000146
240.55300000000202
193.23899999999838
235.6259999999999
230.8179999999993
125.60799999999972
222.45300000000157
203.083000000003
240.946000000001
216.48199999999918
186.3109999999999
209.68099999999978
212.1859999999991
214.99399999999724
251.6879999999979
186.6190000000003
203.47699999999946
197.3710000000004
211.4060000000002
194.84500000000082
217.8110000000011
247.38900000000186
192.0099999999998
217.29500000000002
191.86399999999892
251.2330000000027
211.26899999999793
218.32099999999954
127.71700000000052
267.0349999999999
253.37399999999732
206.4869999999992
235.28100000000052
221.21800000000036
214.08500000000075
214.82099999999704
215.57999999999922
213.10199999999924
240.30300000000082
188.01399999999902
222.83399999999887
244.0560000000005
205.69900000000274
225.66100000000233
198.98700000000247
216.83399999999864
230.3399999999982
206.25899999999575
235.08999999999958
237.68800000000567
226.98299999999705
209.50900000000416
111.12899999999826
237.59599999999637
202.05299999999937
188.5729999999981
204.55400000000168
218.33100000000627
226.13300000000436
207.33200000000096
215.1270000000025
229.25199999999535
218.92299999999665
218.62400000000548
190.61599999999856
236.62499999999653
218.03300000000547
215.68700000000263
187.46199999999646
217.37099999999998
210.57700000000068
211.5970000000047
212.87300000000187
239.100999999998
188.63300000000294
194.2549999999983
181.12500000000153
236.43999999999465
192.23199999999707
209.75500000000125
244.79699999999838
211.48399999999867
212.65900000000215
231.90600000000217
252.7249999999981
217.3480000000012
197.26899999999858
213.2220000000018
166.08499999999538
240.89000000000027
205.1840000000027
231.09499999999628
259.1870000000043
224.020000000003
232.32400000000553
222.05100000000044
210.84599999999654
210.6020000000015
234.1289999999958
208.06400000000025
217.7290000000056
221.2730000000036
201.6530000000003
215.44899999999956
223.61000000000075
195.03699999999924
216.19399999999445
205.3940000000054
222.63199999999728
